<?xml version="1.0" encoding="UTF-8"?>
<!-- Generated by org.testng.reporters.JUnitReportReporter -->
<testsuite hostname="LAPTOP-8PG3A6AO" failures="0" tests="1" name="com.ShoppersStack_testScripts.Verify_user_is_able_to_delete_address_or_not_Test" time="37.452" errors="0" timestamp="2024-05-26T10:56:05 IST" skipped="0">
  <testcase classname="com.ShoppersStack_testScripts.Verify_user_is_able_to_delete_address_or_not_Test" name="addAdress" time="37.452"/>
</testsuite> <!-- com.ShoppersStack_testScripts.Verify_user_is_able_to_delete_address_or_not_Test -->
